<?xml version="1.0" encoding="UTF-8"?>
<testsuite xmlns:xsi="http://www.w3.org/2001/XMLSchema-instance" xsi:noNamespaceSchemaLocation="https://maven.apache.org/surefire/maven-surefire-plugin/xsd/surefire-test-report-3.0.xsd" version="3.0" name="com.example.movietheatremicroservice.MovieTheatreMicroserviceApplicationTests" time="3.782" tests="1" errors="0" skipped="0" failures="0">
  <properties>
[...]
</properties>
  <testcase name="contextLoads" classname="com.example.movietheatremicroservice.MovieTheatreMicroserviceApplicationTests" time="1.557">
    <system-out><![CDATA[12:37:29.505 [main] INFO org.springframework.test.context.support.AnnotationConfigContextLoaderUtils -- Could not detect default configuration classes for test class [com.example.movietheatremicroservice.MovieTheatreMicroserviceApplicationTests]: MovieTheatreMicroserviceApplicationTests does not declare any static, non-private, non-final, nested classes annotated with @Configuration.
12:37:29.709 [main] INFO org.springframework.boot.test.context.SpringBootTestContextBootstrapper -- Found @SpringBootConfiguration com.example.movietheatremicroservice.MovieTheatreMicroserviceApplication for test class com.example.movietheatremicroservice.MovieTheatreMicroserviceApplicationTests

  .   ____          _            __ _ _
 /\\ / ___'_ __ _ _(_)_ __  __ _ \ \ \ \
( ( )\___ | '_ | '_| | '_ \/ _` | \ \ \ \
 \\/  ___)| |_)| | | | | || (_| |  ) ) ) )
  '  |____| .__|_| |_|_| |_\__, | / / / /
 =========|_|==============|___/=/_/_/_/
 :: Spring Boot ::                (v3.2.4)

2024-04-06T12:37:30.578-04:00  INFO 12760 --- [movie-theatre-microservice] [           main] MovieTheatreMicroserviceApplicationTests : Starting MovieTheatreMicroserviceApplicationTests using Java 17.0.6 with PID 12760 (started by Thuyavankannan in C:\Users\Thuyavankannan\Desktop\Projects\movie-micro-springapp\movie-theater-microservice)
2024-04-06T12:37:30.584-04:00  INFO 12760 --- [movie-theatre-microservice] [           main] MovieTheatreMicroserviceApplicationTests : No active profile set, falling back to 1 default profile: "default"
2024-04-06T12:37:31.444-04:00  INFO 12760 --- [movie-theatre-microservice] [           main] MovieTheatreMicroserviceApplicationTests : Started MovieTheatreMicroserviceApplicationTests in 1.373 seconds (process running for 3.094)
]]></system-out>
  </testcase>
</testsuite>